==7518== Memcheck, a memory error detector
==7518== Copyright (C) 2002-2012, and GNU GPL'd, by Julian Seward et al.
==7518== Using Valgrind-3.8.1 and LibVEX; rerun with -h for copyright info
==7518== Command: ./lights.bin
==7518== Parent PID: 3768
==7518== 
==7518== 
==7518== HEAP SUMMARY:
==7518==     in use at exit: 1,324 bytes in 59 blocks
==7518==   total heap usage: 89 allocs, 30 frees, 1,974 bytes allocated
==7518== 
==7518== LEAK SUMMARY:
==7518==    definitely lost: 460 bytes in 14 blocks
==7518==    indirectly lost: 864 bytes in 45 blocks
==7518==      possibly lost: 0 bytes in 0 blocks
==7518==    still reachable: 0 bytes in 0 blocks
==7518==         suppressed: 0 bytes in 0 blocks
==7518== Rerun with --leak-check=full to see details of leaked memory
==7518== 
==7518== For counts of detected and suppressed errors, rerun with: -v
==7518== ERROR SUMMARY: 0 errors from 0 contexts (suppressed: 0 from 0)
