==4720== Memcheck, a memory error detector
==4720== Copyright (C) 2002-2012, and GNU GPL'd, by Julian Seward et al.
==4720== Using Valgrind-3.8.1 and LibVEX; rerun with -h for copyright info
==4720== Command: ./lights.bin
==4720== Parent PID: 4719
==4720== 
==4720== 
==4720== HEAP SUMMARY:
==4720==     in use at exit: 6,712 bytes in 250 blocks
==4720==   total heap usage: 526 allocs, 276 frees, 11,254 bytes allocated
==4720== 
==4720== 1,224 (360 direct, 864 indirect) bytes in 9 blocks are definitely lost in loss record 6 of 8
==4720==    at 0x4C2C154: operator new(unsigned long) (vg_replace_malloc.c:298)
==4720==    by 0x400F07: Application::setUpObjects() (Application.cpp:89)
==4720==    by 0x400973: main (Main.cpp:7)
==4720== 
==4720== 5,488 (2,352 direct, 3,136 indirect) bytes in 98 blocks are definitely lost in loss record 8 of 8
==4720==    at 0x4C2C154: operator new(unsigned long) (vg_replace_malloc.c:298)
==4720==    by 0x40483E: Edge::castShadow(Light*) (Edge.cpp:42)
==4720==    by 0x400CED: Application::render() (Application.cpp:50)
==4720==    by 0x40098D: main (Main.cpp:12)
==4720== 
==4720== LEAK SUMMARY:
==4720==    definitely lost: 2,712 bytes in 107 blocks
==4720==    indirectly lost: 4,000 bytes in 143 blocks
==4720==      possibly lost: 0 bytes in 0 blocks
==4720==    still reachable: 0 bytes in 0 blocks
==4720==         suppressed: 0 bytes in 0 blocks
==4720== 
==4720== For counts of detected and suppressed errors, rerun with: -v
==4720== ERROR SUMMARY: 2 errors from 2 contexts (suppressed: 0 from 0)
