==7878== Memcheck, a memory error detector
==7878== Copyright (C) 2002-2012, and GNU GPL'd, by Julian Seward et al.
==7878== Using Valgrind-3.8.1 and LibVEX; rerun with -h for copyright info
==7878== Command: ./lights.bin
==7878== Parent PID: 7877
==7878== 
==7878== 
==7878== HEAP SUMMARY:
==7878==     in use at exit: 1,324 bytes in 59 blocks
==7878==   total heap usage: 89 allocs, 30 frees, 1,974 bytes allocated
==7878== 
==7878== 100 bytes in 5 blocks are definitely lost in loss record 1 of 7
==7878==    at 0x4C2C154: operator new(unsigned long) (vg_replace_malloc.c:298)
==7878==    by 0x400DA3: Application::setUpObjects() (Application.cpp:68)
==7878==    by 0x400973: main (Main.cpp:7)
==7878== 
==7878== 1,224 (360 direct, 864 indirect) bytes in 9 blocks are definitely lost in loss record 7 of 7
==7878==    at 0x4C2C154: operator new(unsigned long) (vg_replace_malloc.c:298)
==7878==    by 0x400E0D: Application::setUpObjects() (Application.cpp:78)
==7878==    by 0x400973: main (Main.cpp:7)
==7878== 
==7878== LEAK SUMMARY:
==7878==    definitely lost: 460 bytes in 14 blocks
==7878==    indirectly lost: 864 bytes in 45 blocks
==7878==      possibly lost: 0 bytes in 0 blocks
==7878==    still reachable: 0 bytes in 0 blocks
==7878==         suppressed: 0 bytes in 0 blocks
==7878== 
==7878== For counts of detected and suppressed errors, rerun with: -v
==7878== ERROR SUMMARY: 2 errors from 2 contexts (suppressed: 0 from 0)
